Thu, 19 May 2022 20:19:16-main.py-main.py-[line:14]-INFO-[日志信息]: 开始执行脚本
Thu, 19 May 2022 20:19:16-main.py-main.py-[line:15]-INFO-[日志信息]: ==========2022-05-19 20:19:16==========
Thu, 19 May 2022 20:19:17-main.py-test_collect_topic.py-[line:33]-INFO-[日志信息]: 开始执行脚本test_collect_topic
Thu, 19 May 2022 20:19:17-test_collect_topic-Assert.py-[line:33]-INFO-[日志信息]: Response body msg == expected_msg, expected_msg is True, body_message is True
Thu, 19 May 2022 20:19:17-main.py-test_collect_topic.py-[line:46]-INFO-[日志信息]: 开始执行脚本test_decollect_topic
Thu, 19 May 2022 20:19:17-test_decollect_topic-Assert.py-[line:33]-INFO-[日志信息]: Response body msg == expected_msg, expected_msg is True, body_message is True
Thu, 19 May 2022 20:19:17-main.py-test_collect_topic.py-[line:59]-INFO-[日志信息]: 开始执行脚本test_all_collect
Thu, 19 May 2022 20:19:17-test_all_collect-Assert.py-[line:33]-INFO-[日志信息]: Response body msg == expected_msg, expected_msg is True, body_message is True
Thu, 19 May 2022 20:19:17-main.py-test_collect_topic.py-[line:59]-INFO-[日志信息]: 开始执行脚本test_all_collect
Thu, 19 May 2022 20:19:17-test_all_collect-Assert.py-[line:33]-INFO-[日志信息]: Response body msg == expected_msg, expected_msg is False, body_message is False
Thu, 19 May 2022 20:19:17-main.py-test_collect_topic.py-[line:59]-INFO-[日志信息]: 开始执行脚本test_all_collect
Thu, 19 May 2022 20:19:17-test_all_collect-Assert.py-[line:33]-INFO-[日志信息]: Response body msg == expected_msg, expected_msg is True, body_message is True
Thu, 19 May 2022 20:19:17-main.py-test_message.py-[line:19]-INFO-[日志信息]: 开始执行脚本test_hasnot_read_message
Thu, 19 May 2022 20:19:17-test_hasnot_read_message-Assert.py-[line:33]-INFO-[日志信息]: Response body msg == expected_msg, expected_msg is True, body_message is True
Thu, 19 May 2022 20:19:17-main.py-test_message.py-[line:31]-INFO-[日志信息]: 开始执行脚本test_messages
Thu, 19 May 2022 20:19:17-test_messages-Assert.py-[line:33]-INFO-[日志信息]: Response body msg == expected_msg, expected_msg is True, body_message is True
Thu, 19 May 2022 20:19:17-main.py-test_message.py-[line:31]-INFO-[日志信息]: 开始执行脚本test_messages
Thu, 19 May 2022 20:19:17-test_messages-Assert.py-[line:33]-INFO-[日志信息]: Response body msg == expected_msg, expected_msg is True, body_message is True
Thu, 19 May 2022 20:19:17-main.py-test_message.py-[line:31]-INFO-[日志信息]: 开始执行脚本test_messages
Thu, 19 May 2022 20:19:17-test_messages-Assert.py-[line:33]-INFO-[日志信息]: Response body msg == expected_msg, expected_msg is True, body_message is True
Thu, 19 May 2022 20:19:17-main.py-test_reply_topic.py-[line:56]-INFO-[日志信息]: 开始执行脚本test_reply_topic:
Thu, 19 May 2022 20:19:17-test_reply_topic-Assert.py-[line:33]-INFO-[日志信息]: Response body msg == expected_msg, expected_msg is True, body_message is True
Thu, 19 May 2022 20:19:17-main.py-test_reply_topic.py-[line:56]-INFO-[日志信息]: 开始执行脚本test_reply_topic:
Thu, 19 May 2022 20:19:17-test_reply_topic-Assert.py-[line:33]-INFO-[日志信息]: Response body msg == expected_msg, expected_msg is False, body_message is False
Thu, 19 May 2022 20:19:17-main.py-test_reply_topic.py-[line:56]-INFO-[日志信息]: 开始执行脚本test_reply_topic:
Thu, 19 May 2022 20:19:18-test_reply_topic-Assert.py-[line:33]-INFO-[日志信息]: Response body msg == expected_msg, expected_msg is True, body_message is True
Thu, 19 May 2022 20:19:18-main.py-test_reply_topic.py-[line:56]-INFO-[日志信息]: 开始执行脚本test_reply_topic:
Thu, 19 May 2022 20:19:18-test_reply_topic-Assert.py-[line:33]-INFO-[日志信息]: Response body msg == expected_msg, expected_msg is False, body_message is False
Thu, 19 May 2022 20:19:18-main.py-test_reply_topic.py-[line:69]-INFO-[日志信息]: 开始执行脚本test_reply_ups
Thu, 19 May 2022 20:19:18-test_reply_ups-Assert.py-[line:33]-INFO-[日志信息]: Response body msg == expected_msg, expected_msg is True, body_message is True
Thu, 19 May 2022 20:19:18-main.py-test_topic.py-[line:24]-INFO-[日志信息]: 开始执行脚本test_get_topic:
Thu, 19 May 2022 20:19:18-test_get_topic-Assert.py-[line:33]-INFO-[日志信息]: Response body msg == expected_msg, expected_msg is True, body_message is True
Thu, 19 May 2022 20:19:18-main.py-test_topic.py-[line:24]-INFO-[日志信息]: 开始执行脚本test_get_topic:
Thu, 19 May 2022 20:19:18-test_get_topic-Assert.py-[line:33]-INFO-[日志信息]: Response body msg == expected_msg, expected_msg is True, body_message is True
Thu, 19 May 2022 20:19:18-main.py-test_topic.py-[line:24]-INFO-[日志信息]: 开始执行脚本test_get_topic:
Thu, 19 May 2022 20:19:18-test_get_topic-Assert.py-[line:33]-INFO-[日志信息]: Response body msg == expected_msg, expected_msg is True, body_message is True
Thu, 19 May 2022 20:19:18-main.py-test_topic.py-[line:49]-INFO-[日志信息]: 开始执行脚本test_topic_detail:
Thu, 19 May 2022 20:19:18-test_topic_detail-Assert.py-[line:33]-INFO-[日志信息]: Response body msg == expected_msg, expected_msg is True, body_message is True
Thu, 19 May 2022 20:19:18-main.py-test_topic.py-[line:49]-INFO-[日志信息]: 开始执行脚本test_topic_detail:
Thu, 19 May 2022 20:19:18-test_topic_detail-Assert.py-[line:33]-INFO-[日志信息]: Response body msg == expected_msg, expected_msg is True, body_message is True
Thu, 19 May 2022 20:19:18-main.py-test_topic.py-[line:62]-INFO-[日志信息]: 开始执行脚本test_create_topic:
Thu, 19 May 2022 20:19:18-test_create_topic-Assert.py-[line:33]-INFO-[日志信息]: Response body msg == expected_msg, expected_msg is True, body_message is True
Thu, 19 May 2022 20:19:18-main.py-test_topic.py-[line:62]-INFO-[日志信息]: 开始执行脚本test_create_topic:
Thu, 19 May 2022 20:19:18-test_create_topic-Assert.py-[line:33]-INFO-[日志信息]: Response body msg == expected_msg, expected_msg is False, body_message is False
Thu, 19 May 2022 20:19:18-main.py-test_topic.py-[line:62]-INFO-[日志信息]: 开始执行脚本test_create_topic:
Thu, 19 May 2022 20:19:18-test_create_topic-Assert.py-[line:33]-INFO-[日志信息]: Response body msg == expected_msg, expected_msg is False, body_message is False
Thu, 19 May 2022 20:19:18-main.py-test_topic.py-[line:62]-INFO-[日志信息]: 开始执行脚本test_create_topic:
Thu, 19 May 2022 20:19:18-test_create_topic-Assert.py-[line:33]-INFO-[日志信息]: Response body msg == expected_msg, expected_msg is False, body_message is False
Thu, 19 May 2022 20:19:18-main.py-test_topic.py-[line:76]-INFO-[日志信息]: 开始执行脚本test_eidt_topic:
Thu, 19 May 2022 20:19:18-test_eidt_topic-Assert.py-[line:33]-INFO-[日志信息]: Response body msg == expected_msg, expected_msg is True, body_message is True
Thu, 19 May 2022 20:19:18-main.py-test_topic.py-[line:76]-INFO-[日志信息]: 开始执行脚本test_eidt_topic:
Thu, 19 May 2022 20:19:18-test_eidt_topic-Assert.py-[line:33]-INFO-[日志信息]: Response body msg == expected_msg, expected_msg is False, body_message is False
Thu, 19 May 2022 20:19:18-main.py-test_topic.py-[line:76]-INFO-[日志信息]: 开始执行脚本test_eidt_topic:
Thu, 19 May 2022 20:19:18-test_eidt_topic-Assert.py-[line:33]-INFO-[日志信息]: Response body msg == expected_msg, expected_msg is False, body_message is False
Thu, 19 May 2022 20:19:18-main.py-test_topic.py-[line:76]-INFO-[日志信息]: 开始执行脚本test_eidt_topic:
Thu, 19 May 2022 20:19:18-test_eidt_topic-Assert.py-[line:33]-INFO-[日志信息]: Response body msg == expected_msg, expected_msg is True, body_message is True
Thu, 19 May 2022 20:19:18-main.py-test_user.py-[line:20]-INFO-[日志信息]: 开始执行脚本test_user_detail:
Thu, 19 May 2022 20:19:18-test_user_detail-Assert.py-[line:33]-INFO-[日志信息]: Response body msg == expected_msg, expected_msg is True, body_message is True
Thu, 19 May 2022 20:19:18-main.py-test_user.py-[line:20]-INFO-[日志信息]: 开始执行脚本test_user_detail:
Thu, 19 May 2022 20:19:18-test_user_detail-Assert.py-[line:33]-INFO-[日志信息]: Response body msg == expected_msg, expected_msg is False, body_message is False
Thu, 19 May 2022 20:19:18-main.py-test_user.py-[line:20]-INFO-[日志信息]: 开始执行脚本test_user_detail:
Thu, 19 May 2022 20:19:18-test_user_detail-Assert.py-[line:33]-INFO-[日志信息]: Response body msg == expected_msg, expected_msg is True, body_message is True
Thu, 19 May 2022 20:19:18-main.py-test_user.py-[line:32]-INFO-[日志信息]: 开始执行脚本test_user_accesstoken:
Thu, 19 May 2022 20:19:18-test_user_accesstoken-Assert.py-[line:33]-INFO-[日志信息]: Response body msg == expected_msg, expected_msg is True, body_message is True
Thu, 19 May 2022 20:19:18-main.py-test_user.py-[line:32]-INFO-[日志信息]: 开始执行脚本test_user_accesstoken:
Thu, 19 May 2022 20:19:18-test_user_accesstoken-Assert.py-[line:33]-INFO-[日志信息]: Response body msg == expected_msg, expected_msg is False, body_message is False
Thu, 19 May 2022 20:19:18-main.py-main.py-[line:18]-INFO-[日志信息]: 脚本执行完成
Thu, 19 May 2022 20:19:18-main.py-main.py-[line:25]-INFO-[日志信息]: 开始执行报告生成
Thu, 19 May 2022 20:19:21-main.py-main.py-[line:28]-INFO-[日志信息]: 报告生成完毕
Thu, 19 May 2022 20:20:33-main.py-main.py-[line:14]-INFO-[日志信息]: 开始执行脚本
Thu, 19 May 2022 20:20:33-main.py-main.py-[line:15]-INFO-[日志信息]: ==========2022-05-19 20:20:33==========
Thu, 19 May 2022 20:20:34-main.py-test_collect_topic.py-[line:33]-INFO-[日志信息]: 开始执行脚本test_collect_topic
Thu, 19 May 2022 20:20:34-test_collect_topic-Assert.py-[line:33]-INFO-[日志信息]: Response body msg == expected_msg, expected_msg is True, body_message is True
Thu, 19 May 2022 20:20:34-main.py-test_collect_topic.py-[line:46]-INFO-[日志信息]: 开始执行脚本test_decollect_topic
Thu, 19 May 2022 20:20:34-test_decollect_topic-Assert.py-[line:33]-INFO-[日志信息]: Response body msg == expected_msg, expected_msg is True, body_message is True
Thu, 19 May 2022 20:20:34-main.py-test_collect_topic.py-[line:59]-INFO-[日志信息]: 开始执行脚本test_all_collect
Thu, 19 May 2022 20:20:34-test_all_collect-Assert.py-[line:33]-INFO-[日志信息]: Response body msg == expected_msg, expected_msg is True, body_message is True
Thu, 19 May 2022 20:20:34-main.py-test_collect_topic.py-[line:59]-INFO-[日志信息]: 开始执行脚本test_all_collect
Thu, 19 May 2022 20:20:34-test_all_collect-Assert.py-[line:33]-INFO-[日志信息]: Response body msg == expected_msg, expected_msg is False, body_message is False
Thu, 19 May 2022 20:20:34-main.py-test_collect_topic.py-[line:59]-INFO-[日志信息]: 开始执行脚本test_all_collect
Thu, 19 May 2022 20:20:34-test_all_collect-Assert.py-[line:33]-INFO-[日志信息]: Response body msg == expected_msg, expected_msg is True, body_message is True
Thu, 19 May 2022 20:20:34-main.py-test_message.py-[line:19]-INFO-[日志信息]: 开始执行脚本test_hasnot_read_message
Thu, 19 May 2022 20:20:34-test_hasnot_read_message-Assert.py-[line:33]-INFO-[日志信息]: Response body msg == expected_msg, expected_msg is True, body_message is True
Thu, 19 May 2022 20:20:34-main.py-test_message.py-[line:31]-INFO-[日志信息]: 开始执行脚本test_messages
Thu, 19 May 2022 20:20:34-test_messages-Assert.py-[line:33]-INFO-[日志信息]: Response body msg == expected_msg, expected_msg is True, body_message is True
Thu, 19 May 2022 20:20:34-main.py-test_message.py-[line:31]-INFO-[日志信息]: 开始执行脚本test_messages
Thu, 19 May 2022 20:20:34-test_messages-Assert.py-[line:33]-INFO-[日志信息]: Response body msg == expected_msg, expected_msg is True, body_message is True
Thu, 19 May 2022 20:20:34-main.py-test_message.py-[line:31]-INFO-[日志信息]: 开始执行脚本test_messages
Thu, 19 May 2022 20:20:34-test_messages-Assert.py-[line:33]-INFO-[日志信息]: Response body msg == expected_msg, expected_msg is True, body_message is True
Thu, 19 May 2022 20:20:34-main.py-test_reply_topic.py-[line:56]-INFO-[日志信息]: 开始执行脚本test_reply_topic:
Thu, 19 May 2022 20:20:34-test_reply_topic-Assert.py-[line:33]-INFO-[日志信息]: Response body msg == expected_msg, expected_msg is True, body_message is True
Thu, 19 May 2022 20:20:34-main.py-test_reply_topic.py-[line:56]-INFO-[日志信息]: 开始执行脚本test_reply_topic:
Thu, 19 May 2022 20:20:34-test_reply_topic-Assert.py-[line:33]-INFO-[日志信息]: Response body msg == expected_msg, expected_msg is False, body_message is False
Thu, 19 May 2022 20:20:35-main.py-test_reply_topic.py-[line:56]-INFO-[日志信息]: 开始执行脚本test_reply_topic:
Thu, 19 May 2022 20:20:35-test_reply_topic-Assert.py-[line:33]-INFO-[日志信息]: Response body msg == expected_msg, expected_msg is True, body_message is True
Thu, 19 May 2022 20:20:35-main.py-test_reply_topic.py-[line:56]-INFO-[日志信息]: 开始执行脚本test_reply_topic:
Thu, 19 May 2022 20:20:35-test_reply_topic-Assert.py-[line:33]-INFO-[日志信息]: Response body msg == expected_msg, expected_msg is False, body_message is False
Thu, 19 May 2022 20:20:35-main.py-test_reply_topic.py-[line:69]-INFO-[日志信息]: 开始执行脚本test_reply_ups
Thu, 19 May 2022 20:20:35-test_reply_ups-Assert.py-[line:33]-INFO-[日志信息]: Response body msg == expected_msg, expected_msg is True, body_message is True
Thu, 19 May 2022 20:20:35-main.py-test_topic.py-[line:24]-INFO-[日志信息]: 开始执行脚本test_get_topic:
Thu, 19 May 2022 20:20:35-test_get_topic-Assert.py-[line:33]-INFO-[日志信息]: Response body msg == expected_msg, expected_msg is True, body_message is True
Thu, 19 May 2022 20:20:35-main.py-test_topic.py-[line:24]-INFO-[日志信息]: 开始执行脚本test_get_topic:
Thu, 19 May 2022 20:20:35-test_get_topic-Assert.py-[line:33]-INFO-[日志信息]: Response body msg == expected_msg, expected_msg is True, body_message is True
Thu, 19 May 2022 20:20:35-main.py-test_topic.py-[line:24]-INFO-[日志信息]: 开始执行脚本test_get_topic:
Thu, 19 May 2022 20:20:35-test_get_topic-Assert.py-[line:33]-INFO-[日志信息]: Response body msg == expected_msg, expected_msg is True, body_message is True
Thu, 19 May 2022 20:20:35-main.py-test_topic.py-[line:49]-INFO-[日志信息]: 开始执行脚本test_topic_detail:
Thu, 19 May 2022 20:20:35-test_topic_detail-Assert.py-[line:33]-INFO-[日志信息]: Response body msg == expected_msg, expected_msg is True, body_message is True
Thu, 19 May 2022 20:20:35-main.py-test_topic.py-[line:49]-INFO-[日志信息]: 开始执行脚本test_topic_detail:
Thu, 19 May 2022 20:20:35-test_topic_detail-Assert.py-[line:33]-INFO-[日志信息]: Response body msg == expected_msg, expected_msg is True, body_message is True
Thu, 19 May 2022 20:20:35-main.py-test_topic.py-[line:62]-INFO-[日志信息]: 开始执行脚本test_create_topic:
Thu, 19 May 2022 20:20:35-test_create_topic-Assert.py-[line:33]-INFO-[日志信息]: Response body msg == expected_msg, expected_msg is True, body_message is True
Thu, 19 May 2022 20:20:35-main.py-test_topic.py-[line:62]-INFO-[日志信息]: 开始执行脚本test_create_topic:
Thu, 19 May 2022 20:20:35-test_create_topic-Assert.py-[line:33]-INFO-[日志信息]: Response body msg == expected_msg, expected_msg is False, body_message is False
Thu, 19 May 2022 20:20:35-main.py-test_topic.py-[line:62]-INFO-[日志信息]: 开始执行脚本test_create_topic:
Thu, 19 May 2022 20:20:35-test_create_topic-Assert.py-[line:33]-INFO-[日志信息]: Response body msg == expected_msg, expected_msg is False, body_message is False
Thu, 19 May 2022 20:20:35-main.py-test_topic.py-[line:62]-INFO-[日志信息]: 开始执行脚本test_create_topic:
Thu, 19 May 2022 20:20:35-test_create_topic-Assert.py-[line:33]-INFO-[日志信息]: Response body msg == expected_msg, expected_msg is False, body_message is False
Thu, 19 May 2022 20:20:35-main.py-test_topic.py-[line:76]-INFO-[日志信息]: 开始执行脚本test_eidt_topic:
Thu, 19 May 2022 20:20:35-test_eidt_topic-Assert.py-[line:33]-INFO-[日志信息]: Response body msg == expected_msg, expected_msg is True, body_message is True
Thu, 19 May 2022 20:20:35-main.py-test_topic.py-[line:76]-INFO-[日志信息]: 开始执行脚本test_eidt_topic:
Thu, 19 May 2022 20:20:35-test_eidt_topic-Assert.py-[line:33]-INFO-[日志信息]: Response body msg == expected_msg, expected_msg is False, body_message is False
Thu, 19 May 2022 20:20:35-main.py-test_topic.py-[line:76]-INFO-[日志信息]: 开始执行脚本test_eidt_topic:
Thu, 19 May 2022 20:20:35-test_eidt_topic-Assert.py-[line:33]-INFO-[日志信息]: Response body msg == expected_msg, expected_msg is False, body_message is False
Thu, 19 May 2022 20:20:35-main.py-test_topic.py-[line:76]-INFO-[日志信息]: 开始执行脚本test_eidt_topic:
Thu, 19 May 2022 20:20:35-test_eidt_topic-Assert.py-[line:33]-INFO-[日志信息]: Response body msg == expected_msg, expected_msg is True, body_message is True
Thu, 19 May 2022 20:20:35-main.py-test_user.py-[line:20]-INFO-[日志信息]: 开始执行脚本test_user_detail:
Thu, 19 May 2022 20:20:35-test_user_detail-Assert.py-[line:33]-INFO-[日志信息]: Response body msg == expected_msg, expected_msg is True, body_message is True
Thu, 19 May 2022 20:20:35-main.py-test_user.py-[line:20]-INFO-[日志信息]: 开始执行脚本test_user_detail:
Thu, 19 May 2022 20:20:35-test_user_detail-Assert.py-[line:33]-INFO-[日志信息]: Response body msg == expected_msg, expected_msg is False, body_message is False
Thu, 19 May 2022 20:20:35-main.py-test_user.py-[line:20]-INFO-[日志信息]: 开始执行脚本test_user_detail:
Thu, 19 May 2022 20:20:35-test_user_detail-Assert.py-[line:33]-INFO-[日志信息]: Response body msg == expected_msg, expected_msg is True, body_message is True
Thu, 19 May 2022 20:20:35-main.py-test_user.py-[line:32]-INFO-[日志信息]: 开始执行脚本test_user_accesstoken:
Thu, 19 May 2022 20:20:35-test_user_accesstoken-Assert.py-[line:33]-INFO-[日志信息]: Response body msg == expected_msg, expected_msg is True, body_message is True
Thu, 19 May 2022 20:20:35-main.py-test_user.py-[line:32]-INFO-[日志信息]: 开始执行脚本test_user_accesstoken:
Thu, 19 May 2022 20:20:35-test_user_accesstoken-Assert.py-[line:33]-INFO-[日志信息]: Response body msg == expected_msg, expected_msg is False, body_message is False
Thu, 19 May 2022 20:20:35-main.py-main.py-[line:18]-INFO-[日志信息]: 脚本执行完成
Thu, 19 May 2022 20:20:35-main.py-main.py-[line:25]-INFO-[日志信息]: 开始执行报告生成
Thu, 19 May 2022 20:20:38-main.py-main.py-[line:28]-INFO-[日志信息]: 报告生成完毕
Thu, 19 May 2022 20:20:41-main.py-Emails.py-[line:59]-INFO-[日志信息]: 开始发送邮件
Thu, 19 May 2022 20:20:41-main.py-Emails.py-[line:63]-INFO-[日志信息]: 邮件发送成功，详见内容结果
Thu, 19 May 2022 20:23:59-main.py-main.py-[line:14]-INFO-[日志信息]: 开始执行脚本
Thu, 19 May 2022 20:23:59-main.py-main.py-[line:15]-INFO-[日志信息]: ==========2022-05-19 20:23:59==========
Thu, 19 May 2022 20:24:00-main.py-test_collect_topic.py-[line:33]-INFO-[日志信息]: 开始执行脚本test_collect_topic
Thu, 19 May 2022 20:24:00-test_collect_topic-Assert.py-[line:33]-INFO-[日志信息]: Response body msg == expected_msg, expected_msg is True, body_message is True
Thu, 19 May 2022 20:24:02-main.py-test_collect_topic.py-[line:46]-INFO-[日志信息]: 开始执行脚本test_decollect_topic
Thu, 19 May 2022 20:24:02-test_decollect_topic-Assert.py-[line:33]-INFO-[日志信息]: Response body msg == expected_msg, expected_msg is True, body_message is True
Thu, 19 May 2022 20:24:02-main.py-test_collect_topic.py-[line:59]-INFO-[日志信息]: 开始执行脚本test_all_collect
Thu, 19 May 2022 20:24:02-test_all_collect-Assert.py-[line:33]-INFO-[日志信息]: Response body msg == expected_msg, expected_msg is True, body_message is True
Thu, 19 May 2022 20:24:02-main.py-test_collect_topic.py-[line:59]-INFO-[日志信息]: 开始执行脚本test_all_collect
Thu, 19 May 2022 20:24:02-test_all_collect-Assert.py-[line:33]-INFO-[日志信息]: Response body msg == expected_msg, expected_msg is False, body_message is False
Thu, 19 May 2022 20:24:02-main.py-test_collect_topic.py-[line:59]-INFO-[日志信息]: 开始执行脚本test_all_collect
Thu, 19 May 2022 20:24:02-test_all_collect-Assert.py-[line:33]-INFO-[日志信息]: Response body msg == expected_msg, expected_msg is True, body_message is True
Thu, 19 May 2022 20:24:02-main.py-test_message.py-[line:19]-INFO-[日志信息]: 开始执行脚本test_hasnot_read_message
Thu, 19 May 2022 20:24:02-test_hasnot_read_message-Assert.py-[line:33]-INFO-[日志信息]: Response body msg == expected_msg, expected_msg is True, body_message is True
Thu, 19 May 2022 20:24:02-main.py-test_message.py-[line:31]-INFO-[日志信息]: 开始执行脚本test_messages
Thu, 19 May 2022 20:24:03-test_messages-Assert.py-[line:33]-INFO-[日志信息]: Response body msg == expected_msg, expected_msg is True, body_message is True
Thu, 19 May 2022 20:24:03-main.py-test_message.py-[line:31]-INFO-[日志信息]: 开始执行脚本test_messages
Thu, 19 May 2022 20:24:03-test_messages-Assert.py-[line:33]-INFO-[日志信息]: Response body msg == expected_msg, expected_msg is True, body_message is True
Thu, 19 May 2022 20:24:03-main.py-test_message.py-[line:31]-INFO-[日志信息]: 开始执行脚本test_messages
Thu, 19 May 2022 20:24:03-test_messages-Assert.py-[line:33]-INFO-[日志信息]: Response body msg == expected_msg, expected_msg is True, body_message is True
Thu, 19 May 2022 20:24:03-main.py-test_reply_topic.py-[line:56]-INFO-[日志信息]: 开始执行脚本test_reply_topic:
Thu, 19 May 2022 20:24:03-test_reply_topic-Assert.py-[line:33]-INFO-[日志信息]: Response body msg == expected_msg, expected_msg is True, body_message is True
Thu, 19 May 2022 20:24:03-main.py-test_reply_topic.py-[line:56]-INFO-[日志信息]: 开始执行脚本test_reply_topic:
Thu, 19 May 2022 20:24:03-test_reply_topic-Assert.py-[line:33]-INFO-[日志信息]: Response body msg == expected_msg, expected_msg is False, body_message is False
Thu, 19 May 2022 20:24:03-main.py-test_reply_topic.py-[line:56]-INFO-[日志信息]: 开始执行脚本test_reply_topic:
Thu, 19 May 2022 20:24:03-test_reply_topic-Assert.py-[line:33]-INFO-[日志信息]: Response body msg == expected_msg, expected_msg is True, body_message is True
Thu, 19 May 2022 20:24:03-main.py-test_reply_topic.py-[line:56]-INFO-[日志信息]: 开始执行脚本test_reply_topic:
Thu, 19 May 2022 20:24:03-test_reply_topic-Assert.py-[line:33]-INFO-[日志信息]: Response body msg == expected_msg, expected_msg is False, body_message is False
Thu, 19 May 2022 20:24:03-main.py-test_reply_topic.py-[line:69]-INFO-[日志信息]: 开始执行脚本test_reply_ups
Thu, 19 May 2022 20:24:03-test_reply_ups-Assert.py-[line:33]-INFO-[日志信息]: Response body msg == expected_msg, expected_msg is True, body_message is True
Thu, 19 May 2022 20:24:03-main.py-test_topic.py-[line:24]-INFO-[日志信息]: 开始执行脚本test_get_topic:
Thu, 19 May 2022 20:24:03-test_get_topic-Assert.py-[line:33]-INFO-[日志信息]: Response body msg == expected_msg, expected_msg is True, body_message is True
Thu, 19 May 2022 20:24:03-main.py-test_topic.py-[line:24]-INFO-[日志信息]: 开始执行脚本test_get_topic:
Thu, 19 May 2022 20:24:03-test_get_topic-Assert.py-[line:33]-INFO-[日志信息]: Response body msg == expected_msg, expected_msg is True, body_message is True
Thu, 19 May 2022 20:24:03-main.py-test_topic.py-[line:24]-INFO-[日志信息]: 开始执行脚本test_get_topic:
Thu, 19 May 2022 20:24:03-test_get_topic-Assert.py-[line:33]-INFO-[日志信息]: Response body msg == expected_msg, expected_msg is True, body_message is True
Thu, 19 May 2022 20:24:03-main.py-test_topic.py-[line:49]-INFO-[日志信息]: 开始执行脚本test_topic_detail:
Thu, 19 May 2022 20:24:03-test_topic_detail-Assert.py-[line:33]-INFO-[日志信息]: Response body msg == expected_msg, expected_msg is True, body_message is True
Thu, 19 May 2022 20:24:03-main.py-test_topic.py-[line:49]-INFO-[日志信息]: 开始执行脚本test_topic_detail:
Thu, 19 May 2022 20:24:03-test_topic_detail-Assert.py-[line:33]-INFO-[日志信息]: Response body msg == expected_msg, expected_msg is True, body_message is True
Thu, 19 May 2022 20:24:03-main.py-test_topic.py-[line:62]-INFO-[日志信息]: 开始执行脚本test_create_topic:
Thu, 19 May 2022 20:24:03-test_create_topic-Assert.py-[line:33]-INFO-[日志信息]: Response body msg == expected_msg, expected_msg is True, body_message is True
Thu, 19 May 2022 20:24:03-main.py-test_topic.py-[line:62]-INFO-[日志信息]: 开始执行脚本test_create_topic:
Thu, 19 May 2022 20:24:03-test_create_topic-Assert.py-[line:33]-INFO-[日志信息]: Response body msg == expected_msg, expected_msg is False, body_message is False
Thu, 19 May 2022 20:24:03-main.py-test_topic.py-[line:62]-INFO-[日志信息]: 开始执行脚本test_create_topic:
Thu, 19 May 2022 20:24:03-test_create_topic-Assert.py-[line:33]-INFO-[日志信息]: Response body msg == expected_msg, expected_msg is False, body_message is False
Thu, 19 May 2022 20:24:03-main.py-test_topic.py-[line:62]-INFO-[日志信息]: 开始执行脚本test_create_topic:
Thu, 19 May 2022 20:24:03-test_create_topic-Assert.py-[line:33]-INFO-[日志信息]: Response body msg == expected_msg, expected_msg is False, body_message is False
Thu, 19 May 2022 20:24:03-main.py-test_topic.py-[line:76]-INFO-[日志信息]: 开始执行脚本test_eidt_topic:
Thu, 19 May 2022 20:24:03-test_eidt_topic-Assert.py-[line:33]-INFO-[日志信息]: Response body msg == expected_msg, expected_msg is True, body_message is True
Thu, 19 May 2022 20:24:03-main.py-test_topic.py-[line:76]-INFO-[日志信息]: 开始执行脚本test_eidt_topic:
Thu, 19 May 2022 20:24:03-test_eidt_topic-Assert.py-[line:33]-INFO-[日志信息]: Response body msg == expected_msg, expected_msg is False, body_message is False
Thu, 19 May 2022 20:24:03-main.py-test_topic.py-[line:76]-INFO-[日志信息]: 开始执行脚本test_eidt_topic:
Thu, 19 May 2022 20:24:04-test_eidt_topic-Assert.py-[line:33]-INFO-[日志信息]: Response body msg == expected_msg, expected_msg is False, body_message is False
Thu, 19 May 2022 20:24:04-main.py-test_topic.py-[line:76]-INFO-[日志信息]: 开始执行脚本test_eidt_topic:
Thu, 19 May 2022 20:24:04-test_eidt_topic-Assert.py-[line:33]-INFO-[日志信息]: Response body msg == expected_msg, expected_msg is True, body_message is True
Thu, 19 May 2022 20:24:04-main.py-test_user.py-[line:20]-INFO-[日志信息]: 开始执行脚本test_user_detail:
Thu, 19 May 2022 20:24:04-test_user_detail-Assert.py-[line:33]-INFO-[日志信息]: Response body msg == expected_msg, expected_msg is True, body_message is True
Thu, 19 May 2022 20:24:04-main.py-test_user.py-[line:20]-INFO-[日志信息]: 开始执行脚本test_user_detail:
Thu, 19 May 2022 20:24:04-test_user_detail-Assert.py-[line:33]-INFO-[日志信息]: Response body msg == expected_msg, expected_msg is False, body_message is False
Thu, 19 May 2022 20:24:04-main.py-test_user.py-[line:20]-INFO-[日志信息]: 开始执行脚本test_user_detail:
Thu, 19 May 2022 20:24:04-test_user_detail-Assert.py-[line:33]-INFO-[日志信息]: Response body msg == expected_msg, expected_msg is True, body_message is True
Thu, 19 May 2022 20:24:04-main.py-test_user.py-[line:32]-INFO-[日志信息]: 开始执行脚本test_user_accesstoken:
Thu, 19 May 2022 20:24:04-test_user_accesstoken-Assert.py-[line:33]-INFO-[日志信息]: Response body msg == expected_msg, expected_msg is True, body_message is True
Thu, 19 May 2022 20:24:04-main.py-test_user.py-[line:32]-INFO-[日志信息]: 开始执行脚本test_user_accesstoken:
Thu, 19 May 2022 20:24:04-test_user_accesstoken-Assert.py-[line:33]-INFO-[日志信息]: Response body msg == expected_msg, expected_msg is False, body_message is False
Thu, 19 May 2022 20:24:04-main.py-main.py-[line:18]-INFO-[日志信息]: 脚本执行完成
Thu, 19 May 2022 20:24:04-main.py-main.py-[line:25]-INFO-[日志信息]: 开始执行报告生成
Thu, 19 May 2022 20:24:06-main.py-main.py-[line:28]-INFO-[日志信息]: 报告生成完毕
Thu, 19 May 2022 20:24:12-main.py-Emails.py-[line:59]-INFO-[日志信息]: 开始发送邮件
Thu, 19 May 2022 20:24:13-main.py-Emails.py-[line:63]-INFO-[日志信息]: 邮件发送成功，详见内容结果
