Wed, 01 Jun 2022 22:25:30-main.py-main.py-[line:14]-INFO-[日志信息]: 开始执行脚本
Wed, 01 Jun 2022 22:25:30-main.py-main.py-[line:15]-INFO-[日志信息]: ==========2022-06-01 22:25:30==========
Wed, 01 Jun 2022 22:25:31-main.py-test_collect_topic.py-[line:33]-INFO-[日志信息]: 开始执行脚本test_collect_topic
Wed, 01 Jun 2022 22:25:31-test_collect_topic-Assert.py-[line:33]-INFO-[日志信息]: Response body msg == expected_msg, expected_msg is True, body_message is True
Wed, 01 Jun 2022 22:25:31-main.py-test_collect_topic.py-[line:46]-INFO-[日志信息]: 开始执行脚本test_decollect_topic
Wed, 01 Jun 2022 22:25:31-test_decollect_topic-Assert.py-[line:33]-INFO-[日志信息]: Response body msg == expected_msg, expected_msg is True, body_message is True
Wed, 01 Jun 2022 22:25:31-main.py-test_collect_topic.py-[line:59]-INFO-[日志信息]: 开始执行脚本test_all_collect
Wed, 01 Jun 2022 22:25:31-test_all_collect-Assert.py-[line:33]-INFO-[日志信息]: Response body msg == expected_msg, expected_msg is True, body_message is True
Wed, 01 Jun 2022 22:25:31-main.py-test_collect_topic.py-[line:59]-INFO-[日志信息]: 开始执行脚本test_all_collect
Wed, 01 Jun 2022 22:25:31-test_all_collect-Assert.py-[line:33]-INFO-[日志信息]: Response body msg == expected_msg, expected_msg is False, body_message is False
Wed, 01 Jun 2022 22:25:31-main.py-test_collect_topic.py-[line:59]-INFO-[日志信息]: 开始执行脚本test_all_collect
Wed, 01 Jun 2022 22:25:31-test_all_collect-Assert.py-[line:33]-INFO-[日志信息]: Response body msg == expected_msg, expected_msg is True, body_message is True
Wed, 01 Jun 2022 22:25:31-main.py-test_message.py-[line:19]-INFO-[日志信息]: 开始执行脚本test_hasnot_read_message
Wed, 01 Jun 2022 22:25:31-test_hasnot_read_message-Assert.py-[line:33]-INFO-[日志信息]: Response body msg == expected_msg, expected_msg is True, body_message is True
Wed, 01 Jun 2022 22:25:31-main.py-test_message.py-[line:31]-INFO-[日志信息]: 开始执行脚本test_messages
Wed, 01 Jun 2022 22:25:32-test_messages-Assert.py-[line:33]-INFO-[日志信息]: Response body msg == expected_msg, expected_msg is True, body_message is True
Wed, 01 Jun 2022 22:25:32-main.py-test_message.py-[line:31]-INFO-[日志信息]: 开始执行脚本test_messages
Wed, 01 Jun 2022 22:25:32-test_messages-Assert.py-[line:33]-INFO-[日志信息]: Response body msg == expected_msg, expected_msg is True, body_message is True
Wed, 01 Jun 2022 22:25:32-main.py-test_message.py-[line:31]-INFO-[日志信息]: 开始执行脚本test_messages
Wed, 01 Jun 2022 22:25:32-test_messages-Assert.py-[line:33]-INFO-[日志信息]: Response body msg == expected_msg, expected_msg is True, body_message is True
Wed, 01 Jun 2022 22:25:32-main.py-test_reply_topic.py-[line:56]-INFO-[日志信息]: 开始执行脚本test_reply_topic:
Wed, 01 Jun 2022 22:25:32-test_reply_topic-Assert.py-[line:33]-INFO-[日志信息]: Response body msg == expected_msg, expected_msg is True, body_message is True
Wed, 01 Jun 2022 22:25:32-main.py-test_reply_topic.py-[line:56]-INFO-[日志信息]: 开始执行脚本test_reply_topic:
Wed, 01 Jun 2022 22:25:32-test_reply_topic-Assert.py-[line:33]-INFO-[日志信息]: Response body msg == expected_msg, expected_msg is False, body_message is False
Wed, 01 Jun 2022 22:25:32-main.py-test_reply_topic.py-[line:56]-INFO-[日志信息]: 开始执行脚本test_reply_topic:
Wed, 01 Jun 2022 22:25:32-test_reply_topic-Assert.py-[line:33]-INFO-[日志信息]: Response body msg == expected_msg, expected_msg is True, body_message is True
Wed, 01 Jun 2022 22:25:32-main.py-test_reply_topic.py-[line:56]-INFO-[日志信息]: 开始执行脚本test_reply_topic:
Wed, 01 Jun 2022 22:25:32-test_reply_topic-Assert.py-[line:33]-INFO-[日志信息]: Response body msg == expected_msg, expected_msg is False, body_message is False
Wed, 01 Jun 2022 22:25:32-main.py-test_reply_topic.py-[line:69]-INFO-[日志信息]: 开始执行脚本test_reply_ups
Wed, 01 Jun 2022 22:25:32-test_reply_ups-Assert.py-[line:33]-INFO-[日志信息]: Response body msg == expected_msg, expected_msg is True, body_message is True
Wed, 01 Jun 2022 22:25:32-main.py-test_topic.py-[line:24]-INFO-[日志信息]: 开始执行脚本test_get_topic:
Wed, 01 Jun 2022 22:25:32-test_get_topic-Assert.py-[line:33]-INFO-[日志信息]: Response body msg == expected_msg, expected_msg is True, body_message is True
Wed, 01 Jun 2022 22:25:32-main.py-test_topic.py-[line:24]-INFO-[日志信息]: 开始执行脚本test_get_topic:
Wed, 01 Jun 2022 22:25:32-test_get_topic-Assert.py-[line:33]-INFO-[日志信息]: Response body msg == expected_msg, expected_msg is True, body_message is True
Wed, 01 Jun 2022 22:25:33-main.py-test_topic.py-[line:24]-INFO-[日志信息]: 开始执行脚本test_get_topic:
Wed, 01 Jun 2022 22:25:33-test_get_topic-Assert.py-[line:33]-INFO-[日志信息]: Response body msg == expected_msg, expected_msg is True, body_message is True
Wed, 01 Jun 2022 22:25:33-main.py-test_topic.py-[line:49]-INFO-[日志信息]: 开始执行脚本test_topic_detail:
Wed, 01 Jun 2022 22:25:33-test_topic_detail-Assert.py-[line:33]-INFO-[日志信息]: Response body msg == expected_msg, expected_msg is True, body_message is True
Wed, 01 Jun 2022 22:25:33-main.py-test_topic.py-[line:49]-INFO-[日志信息]: 开始执行脚本test_topic_detail:
Wed, 01 Jun 2022 22:25:33-test_topic_detail-Assert.py-[line:33]-INFO-[日志信息]: Response body msg == expected_msg, expected_msg is True, body_message is True
Wed, 01 Jun 2022 22:25:33-main.py-test_topic.py-[line:62]-INFO-[日志信息]: 开始执行脚本test_create_topic:
Wed, 01 Jun 2022 22:25:33-test_create_topic-Assert.py-[line:33]-INFO-[日志信息]: Response body msg == expected_msg, expected_msg is True, body_message is True
Wed, 01 Jun 2022 22:25:33-main.py-test_topic.py-[line:62]-INFO-[日志信息]: 开始执行脚本test_create_topic:
Wed, 01 Jun 2022 22:25:33-test_create_topic-Assert.py-[line:33]-INFO-[日志信息]: Response body msg == expected_msg, expected_msg is False, body_message is False
Wed, 01 Jun 2022 22:25:33-main.py-test_topic.py-[line:62]-INFO-[日志信息]: 开始执行脚本test_create_topic:
Wed, 01 Jun 2022 22:25:33-test_create_topic-Assert.py-[line:33]-INFO-[日志信息]: Response body msg == expected_msg, expected_msg is False, body_message is False
Wed, 01 Jun 2022 22:25:33-main.py-test_topic.py-[line:62]-INFO-[日志信息]: 开始执行脚本test_create_topic:
Wed, 01 Jun 2022 22:25:33-test_create_topic-Assert.py-[line:33]-INFO-[日志信息]: Response body msg == expected_msg, expected_msg is False, body_message is False
Wed, 01 Jun 2022 22:25:33-main.py-test_topic.py-[line:76]-INFO-[日志信息]: 开始执行脚本test_eidt_topic:
Wed, 01 Jun 2022 22:25:33-test_eidt_topic-Assert.py-[line:33]-INFO-[日志信息]: Response body msg == expected_msg, expected_msg is True, body_message is True
Wed, 01 Jun 2022 22:25:33-main.py-test_topic.py-[line:76]-INFO-[日志信息]: 开始执行脚本test_eidt_topic:
Wed, 01 Jun 2022 22:25:33-test_eidt_topic-Assert.py-[line:33]-INFO-[日志信息]: Response body msg == expected_msg, expected_msg is False, body_message is False
Wed, 01 Jun 2022 22:25:33-main.py-test_topic.py-[line:76]-INFO-[日志信息]: 开始执行脚本test_eidt_topic:
Wed, 01 Jun 2022 22:25:33-test_eidt_topic-Assert.py-[line:33]-INFO-[日志信息]: Response body msg == expected_msg, expected_msg is False, body_message is False
Wed, 01 Jun 2022 22:25:33-main.py-test_topic.py-[line:76]-INFO-[日志信息]: 开始执行脚本test_eidt_topic:
Wed, 01 Jun 2022 22:25:33-test_eidt_topic-Assert.py-[line:33]-INFO-[日志信息]: Response body msg == expected_msg, expected_msg is True, body_message is True
Wed, 01 Jun 2022 22:25:33-main.py-test_user.py-[line:20]-INFO-[日志信息]: 开始执行脚本test_user_detail:
Wed, 01 Jun 2022 22:25:33-test_user_detail-Assert.py-[line:33]-INFO-[日志信息]: Response body msg == expected_msg, expected_msg is True, body_message is True
Wed, 01 Jun 2022 22:25:33-main.py-test_user.py-[line:20]-INFO-[日志信息]: 开始执行脚本test_user_detail:
Wed, 01 Jun 2022 22:25:33-test_user_detail-Assert.py-[line:33]-INFO-[日志信息]: Response body msg == expected_msg, expected_msg is False, body_message is False
Wed, 01 Jun 2022 22:25:33-main.py-test_user.py-[line:20]-INFO-[日志信息]: 开始执行脚本test_user_detail:
Wed, 01 Jun 2022 22:25:33-test_user_detail-Assert.py-[line:33]-INFO-[日志信息]: Response body msg == expected_msg, expected_msg is True, body_message is True
Wed, 01 Jun 2022 22:25:33-main.py-test_user.py-[line:32]-INFO-[日志信息]: 开始执行脚本test_user_accesstoken:
Wed, 01 Jun 2022 22:25:33-test_user_accesstoken-Assert.py-[line:33]-INFO-[日志信息]: Response body msg == expected_msg, expected_msg is True, body_message is True
Wed, 01 Jun 2022 22:25:33-main.py-test_user.py-[line:32]-INFO-[日志信息]: 开始执行脚本test_user_accesstoken:
Wed, 01 Jun 2022 22:25:33-test_user_accesstoken-Assert.py-[line:33]-INFO-[日志信息]: Response body msg == expected_msg, expected_msg is False, body_message is False
Wed, 01 Jun 2022 22:25:33-main.py-main.py-[line:18]-INFO-[日志信息]: 脚本执行完成
Wed, 01 Jun 2022 22:25:33-main.py-main.py-[line:25]-INFO-[日志信息]: 开始执行报告生成
Wed, 01 Jun 2022 22:25:38-main.py-main.py-[line:28]-INFO-[日志信息]: 报告生成完毕
Wed, 01 Jun 2022 22:25:42-main.py-Emails.py-[line:59]-INFO-[日志信息]: 开始发送邮件
Wed, 01 Jun 2022 22:25:42-main.py-Emails.py-[line:64]-INFO-[日志信息]: 邮件发送成功，详见内容结果
