Thu, 02 Jun 2022 20:07:13-main.py-main.py-[line:14]-INFO-[日志信息]: 开始执行脚本
Thu, 02 Jun 2022 20:07:13-main.py-main.py-[line:15]-INFO-[日志信息]: ==========2022-06-02 20:07:13==========
Thu, 02 Jun 2022 20:07:14-main.py-test_collect_topic.py-[line:33]-INFO-[日志信息]: 开始执行脚本test_collect_topic
Thu, 02 Jun 2022 20:07:14-test_collect_topic-Assert.py-[line:33]-INFO-[日志信息]: Response body msg == expected_msg, expected_msg is True, body_message is True
Thu, 02 Jun 2022 20:07:14-main.py-test_collect_topic.py-[line:46]-INFO-[日志信息]: 开始执行脚本test_decollect_topic
Thu, 02 Jun 2022 20:07:14-test_decollect_topic-Assert.py-[line:33]-INFO-[日志信息]: Response body msg == expected_msg, expected_msg is True, body_message is True
Thu, 02 Jun 2022 20:07:14-main.py-test_collect_topic.py-[line:59]-INFO-[日志信息]: 开始执行脚本test_all_collect
Thu, 02 Jun 2022 20:07:14-test_all_collect-Assert.py-[line:33]-INFO-[日志信息]: Response body msg == expected_msg, expected_msg is True, body_message is True
Thu, 02 Jun 2022 20:07:14-main.py-test_collect_topic.py-[line:59]-INFO-[日志信息]: 开始执行脚本test_all_collect
Thu, 02 Jun 2022 20:07:15-test_all_collect-Assert.py-[line:33]-INFO-[日志信息]: Response body msg == expected_msg, expected_msg is False, body_message is False
Thu, 02 Jun 2022 20:07:15-main.py-test_collect_topic.py-[line:59]-INFO-[日志信息]: 开始执行脚本test_all_collect
Thu, 02 Jun 2022 20:07:15-test_all_collect-Assert.py-[line:33]-INFO-[日志信息]: Response body msg == expected_msg, expected_msg is True, body_message is True
Thu, 02 Jun 2022 20:07:15-main.py-test_message.py-[line:19]-INFO-[日志信息]: 开始执行脚本test_hasnot_read_message
Thu, 02 Jun 2022 20:07:15-test_hasnot_read_message-Assert.py-[line:33]-INFO-[日志信息]: Response body msg == expected_msg, expected_msg is True, body_message is True
Thu, 02 Jun 2022 20:07:15-main.py-test_message.py-[line:31]-INFO-[日志信息]: 开始执行脚本test_messages
Thu, 02 Jun 2022 20:07:15-test_messages-Assert.py-[line:33]-INFO-[日志信息]: Response body msg == expected_msg, expected_msg is True, body_message is True
Thu, 02 Jun 2022 20:07:15-main.py-test_message.py-[line:31]-INFO-[日志信息]: 开始执行脚本test_messages
Thu, 02 Jun 2022 20:07:15-test_messages-Assert.py-[line:33]-INFO-[日志信息]: Response body msg == expected_msg, expected_msg is True, body_message is True
Thu, 02 Jun 2022 20:07:15-main.py-test_message.py-[line:31]-INFO-[日志信息]: 开始执行脚本test_messages
Thu, 02 Jun 2022 20:07:15-test_messages-Assert.py-[line:33]-INFO-[日志信息]: Response body msg == expected_msg, expected_msg is True, body_message is True
Thu, 02 Jun 2022 20:07:15-main.py-test_reply_topic.py-[line:56]-INFO-[日志信息]: 开始执行脚本test_reply_topic:
Thu, 02 Jun 2022 20:07:15-test_reply_topic-Assert.py-[line:33]-INFO-[日志信息]: Response body msg == expected_msg, expected_msg is True, body_message is True
Thu, 02 Jun 2022 20:07:15-main.py-test_reply_topic.py-[line:56]-INFO-[日志信息]: 开始执行脚本test_reply_topic:
Thu, 02 Jun 2022 20:07:15-test_reply_topic-Assert.py-[line:33]-INFO-[日志信息]: Response body msg == expected_msg, expected_msg is False, body_message is False
Thu, 02 Jun 2022 20:07:15-main.py-test_reply_topic.py-[line:56]-INFO-[日志信息]: 开始执行脚本test_reply_topic:
Thu, 02 Jun 2022 20:07:15-test_reply_topic-Assert.py-[line:33]-INFO-[日志信息]: Response body msg == expected_msg, expected_msg is True, body_message is True
Thu, 02 Jun 2022 20:07:15-main.py-test_reply_topic.py-[line:56]-INFO-[日志信息]: 开始执行脚本test_reply_topic:
Thu, 02 Jun 2022 20:07:15-test_reply_topic-Assert.py-[line:33]-INFO-[日志信息]: Response body msg == expected_msg, expected_msg is False, body_message is False
Thu, 02 Jun 2022 20:07:15-main.py-test_reply_topic.py-[line:69]-INFO-[日志信息]: 开始执行脚本test_reply_ups
Thu, 02 Jun 2022 20:07:15-test_reply_ups-Assert.py-[line:33]-INFO-[日志信息]: Response body msg == expected_msg, expected_msg is True, body_message is True
Thu, 02 Jun 2022 20:07:15-main.py-test_topic.py-[line:24]-INFO-[日志信息]: 开始执行脚本test_get_topic:
Thu, 02 Jun 2022 20:07:15-test_get_topic-Assert.py-[line:33]-INFO-[日志信息]: Response body msg == expected_msg, expected_msg is True, body_message is True
Thu, 02 Jun 2022 20:07:15-main.py-test_topic.py-[line:24]-INFO-[日志信息]: 开始执行脚本test_get_topic:
Thu, 02 Jun 2022 20:07:15-test_get_topic-Assert.py-[line:33]-INFO-[日志信息]: Response body msg == expected_msg, expected_msg is True, body_message is True
Thu, 02 Jun 2022 20:07:15-main.py-test_topic.py-[line:24]-INFO-[日志信息]: 开始执行脚本test_get_topic:
Thu, 02 Jun 2022 20:07:15-test_get_topic-Assert.py-[line:33]-INFO-[日志信息]: Response body msg == expected_msg, expected_msg is True, body_message is True
Thu, 02 Jun 2022 20:07:15-main.py-test_topic.py-[line:49]-INFO-[日志信息]: 开始执行脚本test_topic_detail:
Thu, 02 Jun 2022 20:07:16-test_topic_detail-Assert.py-[line:33]-INFO-[日志信息]: Response body msg == expected_msg, expected_msg is True, body_message is True
Thu, 02 Jun 2022 20:07:16-main.py-test_topic.py-[line:49]-INFO-[日志信息]: 开始执行脚本test_topic_detail:
Thu, 02 Jun 2022 20:07:16-test_topic_detail-Assert.py-[line:33]-INFO-[日志信息]: Response body msg == expected_msg, expected_msg is True, body_message is True
Thu, 02 Jun 2022 20:07:16-main.py-test_topic.py-[line:62]-INFO-[日志信息]: 开始执行脚本test_create_topic:
Thu, 02 Jun 2022 20:07:16-test_create_topic-Assert.py-[line:33]-INFO-[日志信息]: Response body msg == expected_msg, expected_msg is True, body_message is True
Thu, 02 Jun 2022 20:07:16-main.py-test_topic.py-[line:62]-INFO-[日志信息]: 开始执行脚本test_create_topic:
Thu, 02 Jun 2022 20:07:16-test_create_topic-Assert.py-[line:33]-INFO-[日志信息]: Response body msg == expected_msg, expected_msg is False, body_message is False
Thu, 02 Jun 2022 20:07:16-main.py-test_topic.py-[line:62]-INFO-[日志信息]: 开始执行脚本test_create_topic:
Thu, 02 Jun 2022 20:07:16-test_create_topic-Assert.py-[line:33]-INFO-[日志信息]: Response body msg == expected_msg, expected_msg is False, body_message is False
Thu, 02 Jun 2022 20:07:16-main.py-test_topic.py-[line:62]-INFO-[日志信息]: 开始执行脚本test_create_topic:
Thu, 02 Jun 2022 20:07:16-test_create_topic-Assert.py-[line:33]-INFO-[日志信息]: Response body msg == expected_msg, expected_msg is False, body_message is False
Thu, 02 Jun 2022 20:07:16-main.py-test_topic.py-[line:76]-INFO-[日志信息]: 开始执行脚本test_eidt_topic:
Thu, 02 Jun 2022 20:07:16-test_eidt_topic-Assert.py-[line:33]-INFO-[日志信息]: Response body msg == expected_msg, expected_msg is True, body_message is True
Thu, 02 Jun 2022 20:07:16-main.py-test_topic.py-[line:76]-INFO-[日志信息]: 开始执行脚本test_eidt_topic:
Thu, 02 Jun 2022 20:07:16-test_eidt_topic-Assert.py-[line:33]-INFO-[日志信息]: Response body msg == expected_msg, expected_msg is False, body_message is False
Thu, 02 Jun 2022 20:07:16-main.py-test_topic.py-[line:76]-INFO-[日志信息]: 开始执行脚本test_eidt_topic:
Thu, 02 Jun 2022 20:07:16-test_eidt_topic-Assert.py-[line:33]-INFO-[日志信息]: Response body msg == expected_msg, expected_msg is False, body_message is False
Thu, 02 Jun 2022 20:07:16-main.py-test_topic.py-[line:76]-INFO-[日志信息]: 开始执行脚本test_eidt_topic:
Thu, 02 Jun 2022 20:07:16-test_eidt_topic-Assert.py-[line:33]-INFO-[日志信息]: Response body msg == expected_msg, expected_msg is True, body_message is True
Thu, 02 Jun 2022 20:07:16-main.py-test_user.py-[line:20]-INFO-[日志信息]: 开始执行脚本test_user_detail:
Thu, 02 Jun 2022 20:07:16-test_user_detail-Assert.py-[line:33]-INFO-[日志信息]: Response body msg == expected_msg, expected_msg is True, body_message is True
Thu, 02 Jun 2022 20:07:16-main.py-test_user.py-[line:20]-INFO-[日志信息]: 开始执行脚本test_user_detail:
Thu, 02 Jun 2022 20:07:16-test_user_detail-Assert.py-[line:33]-INFO-[日志信息]: Response body msg == expected_msg, expected_msg is False, body_message is False
Thu, 02 Jun 2022 20:07:16-main.py-test_user.py-[line:20]-INFO-[日志信息]: 开始执行脚本test_user_detail:
Thu, 02 Jun 2022 20:07:16-test_user_detail-Assert.py-[line:33]-INFO-[日志信息]: Response body msg == expected_msg, expected_msg is True, body_message is True
Thu, 02 Jun 2022 20:07:16-main.py-test_user.py-[line:32]-INFO-[日志信息]: 开始执行脚本test_user_accesstoken:
Thu, 02 Jun 2022 20:07:16-test_user_accesstoken-Assert.py-[line:33]-INFO-[日志信息]: Response body msg == expected_msg, expected_msg is True, body_message is True
Thu, 02 Jun 2022 20:07:16-main.py-test_user.py-[line:32]-INFO-[日志信息]: 开始执行脚本test_user_accesstoken:
Thu, 02 Jun 2022 20:07:16-test_user_accesstoken-Assert.py-[line:33]-INFO-[日志信息]: Response body msg == expected_msg, expected_msg is False, body_message is False
Thu, 02 Jun 2022 20:07:16-main.py-main.py-[line:18]-INFO-[日志信息]: 脚本执行完成
Thu, 02 Jun 2022 20:07:16-main.py-main.py-[line:25]-INFO-[日志信息]: 开始执行报告生成
Thu, 02 Jun 2022 20:07:22-main.py-main.py-[line:28]-INFO-[日志信息]: 报告生成完毕
Thu, 02 Jun 2022 20:07:25-main.py-Emails.py-[line:59]-INFO-[日志信息]: 开始发送邮件
Thu, 02 Jun 2022 20:07:25-main.py-Emails.py-[line:63]-INFO-[日志信息]: 邮件发送成功，详见内容结果
Thu, 02 Jun 2022 20:07:47-main.py-main.py-[line:14]-INFO-[日志信息]: 开始执行脚本
Thu, 02 Jun 2022 20:07:47-main.py-main.py-[line:15]-INFO-[日志信息]: ==========2022-06-02 20:07:47==========
Thu, 02 Jun 2022 20:07:49-main.py-test_collect_topic.py-[line:33]-INFO-[日志信息]: 开始执行脚本test_collect_topic
Thu, 02 Jun 2022 20:07:49-test_collect_topic-Assert.py-[line:33]-INFO-[日志信息]: Response body msg == expected_msg, expected_msg is True, body_message is True
Thu, 02 Jun 2022 20:07:49-main.py-test_collect_topic.py-[line:46]-INFO-[日志信息]: 开始执行脚本test_decollect_topic
Thu, 02 Jun 2022 20:07:49-test_decollect_topic-Assert.py-[line:33]-INFO-[日志信息]: Response body msg == expected_msg, expected_msg is True, body_message is True
Thu, 02 Jun 2022 20:07:49-main.py-test_collect_topic.py-[line:59]-INFO-[日志信息]: 开始执行脚本test_all_collect
Thu, 02 Jun 2022 20:07:49-test_all_collect-Assert.py-[line:33]-INFO-[日志信息]: Response body msg == expected_msg, expected_msg is True, body_message is True
Thu, 02 Jun 2022 20:07:49-main.py-test_collect_topic.py-[line:59]-INFO-[日志信息]: 开始执行脚本test_all_collect
Thu, 02 Jun 2022 20:07:49-test_all_collect-Assert.py-[line:33]-INFO-[日志信息]: Response body msg == expected_msg, expected_msg is False, body_message is False
Thu, 02 Jun 2022 20:07:49-main.py-test_collect_topic.py-[line:59]-INFO-[日志信息]: 开始执行脚本test_all_collect
Thu, 02 Jun 2022 20:07:49-test_all_collect-Assert.py-[line:33]-INFO-[日志信息]: Response body msg == expected_msg, expected_msg is True, body_message is True
Thu, 02 Jun 2022 20:07:49-main.py-test_message.py-[line:19]-INFO-[日志信息]: 开始执行脚本test_hasnot_read_message
Thu, 02 Jun 2022 20:07:49-test_hasnot_read_message-Assert.py-[line:33]-INFO-[日志信息]: Response body msg == expected_msg, expected_msg is True, body_message is True
Thu, 02 Jun 2022 20:07:49-main.py-test_message.py-[line:31]-INFO-[日志信息]: 开始执行脚本test_messages
Thu, 02 Jun 2022 20:07:49-test_messages-Assert.py-[line:33]-INFO-[日志信息]: Response body msg == expected_msg, expected_msg is True, body_message is True
Thu, 02 Jun 2022 20:07:49-main.py-test_message.py-[line:31]-INFO-[日志信息]: 开始执行脚本test_messages
Thu, 02 Jun 2022 20:07:49-test_messages-Assert.py-[line:33]-INFO-[日志信息]: Response body msg == expected_msg, expected_msg is True, body_message is True
Thu, 02 Jun 2022 20:07:49-main.py-test_message.py-[line:31]-INFO-[日志信息]: 开始执行脚本test_messages
Thu, 02 Jun 2022 20:07:49-test_messages-Assert.py-[line:33]-INFO-[日志信息]: Response body msg == expected_msg, expected_msg is True, body_message is True
Thu, 02 Jun 2022 20:07:49-main.py-test_reply_topic.py-[line:56]-INFO-[日志信息]: 开始执行脚本test_reply_topic:
Thu, 02 Jun 2022 20:07:49-test_reply_topic-Assert.py-[line:33]-INFO-[日志信息]: Response body msg == expected_msg, expected_msg is True, body_message is True
Thu, 02 Jun 2022 20:07:50-main.py-test_reply_topic.py-[line:56]-INFO-[日志信息]: 开始执行脚本test_reply_topic:
Thu, 02 Jun 2022 20:07:50-test_reply_topic-Assert.py-[line:33]-INFO-[日志信息]: Response body msg == expected_msg, expected_msg is False, body_message is False
Thu, 02 Jun 2022 20:07:50-main.py-test_reply_topic.py-[line:56]-INFO-[日志信息]: 开始执行脚本test_reply_topic:
Thu, 02 Jun 2022 20:07:50-test_reply_topic-Assert.py-[line:33]-INFO-[日志信息]: Response body msg == expected_msg, expected_msg is True, body_message is True
Thu, 02 Jun 2022 20:07:50-main.py-test_reply_topic.py-[line:56]-INFO-[日志信息]: 开始执行脚本test_reply_topic:
Thu, 02 Jun 2022 20:07:50-test_reply_topic-Assert.py-[line:33]-INFO-[日志信息]: Response body msg == expected_msg, expected_msg is False, body_message is False
Thu, 02 Jun 2022 20:07:50-main.py-test_reply_topic.py-[line:69]-INFO-[日志信息]: 开始执行脚本test_reply_ups
Thu, 02 Jun 2022 20:07:50-test_reply_ups-Assert.py-[line:33]-INFO-[日志信息]: Response body msg == expected_msg, expected_msg is True, body_message is True
Thu, 02 Jun 2022 20:07:50-main.py-test_topic.py-[line:24]-INFO-[日志信息]: 开始执行脚本test_get_topic:
Thu, 02 Jun 2022 20:07:50-test_get_topic-Assert.py-[line:33]-INFO-[日志信息]: Response body msg == expected_msg, expected_msg is True, body_message is True
Thu, 02 Jun 2022 20:07:50-main.py-test_topic.py-[line:24]-INFO-[日志信息]: 开始执行脚本test_get_topic:
Thu, 02 Jun 2022 20:07:50-test_get_topic-Assert.py-[line:33]-INFO-[日志信息]: Response body msg == expected_msg, expected_msg is True, body_message is True
Thu, 02 Jun 2022 20:07:50-main.py-test_topic.py-[line:24]-INFO-[日志信息]: 开始执行脚本test_get_topic:
Thu, 02 Jun 2022 20:07:50-test_get_topic-Assert.py-[line:33]-INFO-[日志信息]: Response body msg == expected_msg, expected_msg is True, body_message is True
Thu, 02 Jun 2022 20:07:50-main.py-test_topic.py-[line:49]-INFO-[日志信息]: 开始执行脚本test_topic_detail:
Thu, 02 Jun 2022 20:07:50-test_topic_detail-Assert.py-[line:33]-INFO-[日志信息]: Response body msg == expected_msg, expected_msg is True, body_message is True
Thu, 02 Jun 2022 20:07:50-main.py-test_topic.py-[line:49]-INFO-[日志信息]: 开始执行脚本test_topic_detail:
Thu, 02 Jun 2022 20:07:50-test_topic_detail-Assert.py-[line:33]-INFO-[日志信息]: Response body msg == expected_msg, expected_msg is True, body_message is True
Thu, 02 Jun 2022 20:07:50-main.py-test_topic.py-[line:62]-INFO-[日志信息]: 开始执行脚本test_create_topic:
Thu, 02 Jun 2022 20:07:50-test_create_topic-Assert.py-[line:33]-INFO-[日志信息]: Response body msg == expected_msg, expected_msg is True, body_message is True
Thu, 02 Jun 2022 20:07:50-main.py-test_topic.py-[line:62]-INFO-[日志信息]: 开始执行脚本test_create_topic:
Thu, 02 Jun 2022 20:07:50-test_create_topic-Assert.py-[line:33]-INFO-[日志信息]: Response body msg == expected_msg, expected_msg is False, body_message is False
Thu, 02 Jun 2022 20:07:50-main.py-test_topic.py-[line:62]-INFO-[日志信息]: 开始执行脚本test_create_topic:
Thu, 02 Jun 2022 20:07:50-test_create_topic-Assert.py-[line:33]-INFO-[日志信息]: Response body msg == expected_msg, expected_msg is False, body_message is False
Thu, 02 Jun 2022 20:07:50-main.py-test_topic.py-[line:62]-INFO-[日志信息]: 开始执行脚本test_create_topic:
Thu, 02 Jun 2022 20:07:50-test_create_topic-Assert.py-[line:33]-INFO-[日志信息]: Response body msg == expected_msg, expected_msg is False, body_message is False
Thu, 02 Jun 2022 20:07:50-main.py-test_topic.py-[line:76]-INFO-[日志信息]: 开始执行脚本test_eidt_topic:
Thu, 02 Jun 2022 20:07:50-test_eidt_topic-Assert.py-[line:33]-INFO-[日志信息]: Response body msg == expected_msg, expected_msg is True, body_message is True
Thu, 02 Jun 2022 20:07:50-main.py-test_topic.py-[line:76]-INFO-[日志信息]: 开始执行脚本test_eidt_topic:
Thu, 02 Jun 2022 20:07:50-test_eidt_topic-Assert.py-[line:33]-INFO-[日志信息]: Response body msg == expected_msg, expected_msg is False, body_message is False
Thu, 02 Jun 2022 20:07:50-main.py-test_topic.py-[line:76]-INFO-[日志信息]: 开始执行脚本test_eidt_topic:
Thu, 02 Jun 2022 20:07:50-test_eidt_topic-Assert.py-[line:33]-INFO-[日志信息]: Response body msg == expected_msg, expected_msg is False, body_message is False
Thu, 02 Jun 2022 20:07:50-main.py-test_topic.py-[line:76]-INFO-[日志信息]: 开始执行脚本test_eidt_topic:
Thu, 02 Jun 2022 20:07:50-test_eidt_topic-Assert.py-[line:33]-INFO-[日志信息]: Response body msg == expected_msg, expected_msg is True, body_message is True
Thu, 02 Jun 2022 20:07:50-main.py-test_user.py-[line:20]-INFO-[日志信息]: 开始执行脚本test_user_detail:
Thu, 02 Jun 2022 20:07:50-test_user_detail-Assert.py-[line:33]-INFO-[日志信息]: Response body msg == expected_msg, expected_msg is True, body_message is True
Thu, 02 Jun 2022 20:07:50-main.py-test_user.py-[line:20]-INFO-[日志信息]: 开始执行脚本test_user_detail:
Thu, 02 Jun 2022 20:07:50-test_user_detail-Assert.py-[line:33]-INFO-[日志信息]: Response body msg == expected_msg, expected_msg is False, body_message is False
Thu, 02 Jun 2022 20:07:50-main.py-test_user.py-[line:20]-INFO-[日志信息]: 开始执行脚本test_user_detail:
Thu, 02 Jun 2022 20:07:50-test_user_detail-Assert.py-[line:33]-INFO-[日志信息]: Response body msg == expected_msg, expected_msg is True, body_message is True
Thu, 02 Jun 2022 20:07:50-main.py-test_user.py-[line:32]-INFO-[日志信息]: 开始执行脚本test_user_accesstoken:
Thu, 02 Jun 2022 20:07:50-test_user_accesstoken-Assert.py-[line:33]-INFO-[日志信息]: Response body msg == expected_msg, expected_msg is True, body_message is True
Thu, 02 Jun 2022 20:07:50-main.py-test_user.py-[line:32]-INFO-[日志信息]: 开始执行脚本test_user_accesstoken:
Thu, 02 Jun 2022 20:07:51-test_user_accesstoken-Assert.py-[line:33]-INFO-[日志信息]: Response body msg == expected_msg, expected_msg is False, body_message is False
Thu, 02 Jun 2022 20:07:51-main.py-main.py-[line:18]-INFO-[日志信息]: 脚本执行完成
Thu, 02 Jun 2022 20:07:51-main.py-main.py-[line:25]-INFO-[日志信息]: 开始执行报告生成
Thu, 02 Jun 2022 20:07:53-main.py-main.py-[line:28]-INFO-[日志信息]: 报告生成完毕
Thu, 02 Jun 2022 20:07:56-main.py-Emails.py-[line:59]-INFO-[日志信息]: 开始发送邮件
Thu, 02 Jun 2022 20:07:57-main.py-Emails.py-[line:63]-INFO-[日志信息]: 邮件发送成功，详见内容结果
